# JRE version: OpenJDK Runtime Environment (17.0.6) (build 17.0.6+0-b2043.56-9586694)
# Java VM: OpenJDK 64-Bit Server VM (17.0.6+0-b2043.56-9586694, mixed mode, tiered, compressed oops, compressed class ptrs, g1 gc, windows-amd64)
GC Precious Log:
 CPUs: 16 total, 16 available
 Memory: 16010M
 Large Page Support: Disabled
 NUMA Support: Disabled
 Compressed Oops: Enabled (32-bit)
 Heap Region Size: 1M
 Heap Min Capacity: 8M
 Heap Initial Capacity: 252M
 Heap Max Capacity: 2G
 Pre-touch: Disabled
 Parallel Workers: 13
 Concurrent Workers: 3
 Concurrent Refinement Workers: 13
 Periodic GC: Disabled
Heap:
 garbage-first heap   total 286720K, used 149239K [0x0000000080000000, 0x0000000100000000)
  region size 1024K, 12 young (12288K), 12 survivors (12288K)
 Metaspace       used 107738K, committed 108544K, reserved 1146880K
  class space    used 14771K, committed 15168K, reserved 1048576K
GC Heap History (20 events):
Event: 7.329 GC heap after
{Heap after GC invocations=28 (full 0):
 garbage-first heap   total 214016K, used 81721K [0x0000000080000000, 0x0000000100000000)
  region size 1024K, 13 young (13312K), 13 survivors (13312K)
 Metaspace       used 91231K, committed 91904K, reserved 1130496K
  class space    used 12311K, committed 12608K, reserved 1048576K
}
Event: 7.950 GC heap before
{Heap before GC invocations=28 (full 0):
 garbage-first heap   total 214016K, used 166713K [0x0000000080000000, 0x0000000100000000)
  region size 1024K, 96 young (98304K), 13 survivors (13312K)
 Metaspace       used 94130K, committed 94784K, reserved 1138688K
  class space    used 12683K, committed 12992K, reserved 1048576K
}
Event: 7.957 GC heap after
{Heap after GC invocations=29 (full 0):
 garbage-first heap   total 214016K, used 93598K [0x0000000080000000, 0x0000000100000000)
  region size 1024K, 12 young (12288K), 12 survivors (12288K)
 Metaspace       used 94130K, committed 94784K, reserved 1138688K
  class space    used 12683K, committed 12992K, reserved 1048576K
}
Event: 8.444 GC heap before
{Heap before GC invocations=29 (full 0):
 garbage-first heap   total 214016K, used 166302K [0x0000000080000000, 0x0000000100000000)
  region size 1024K, 84 young (86016K), 12 survivors (12288K)
 Metaspace       used 98359K, committed 99072K, reserved 1138688K
  class space    used 13376K, committed 13696K, reserved 1048576K
}
Event: 8.450 GC heap after
{Heap after GC invocations=30 (full 0):
 garbage-first heap   total 214016K, used 102697K [0x0000000080000000, 0x0000000100000000)
  region size 1024K, 9 young (9216K), 9 survivors (9216K)
 Metaspace       used 98359K, committed 99072K, reserved 1138688K
  class space    used 13376K, committed 13696K, reserved 1048576K
}
Event: 8.769 GC heap before
{Heap before GC invocations=30 (full 0):
 garbage-first heap   total 214016K, used 169257K [0x0000000080000000, 0x0000000100000000)
  region size 1024K, 75 young (76800K), 9 survivors (9216K)
 Metaspace       used 98859K, committed 99584K, reserved 1138688K
  class space    used 13405K, committed 13760K, reserved 1048576K
}
Event: 8.773 GC heap after
{Heap after GC invocations=31 (full 0):
 garbage-first heap   total 214016K, used 107349K [0x0000000080000000, 0x0000000100000000)
  region size 1024K, 5 young (5120K), 5 survivors (5120K)
 Metaspace       used 98859K, committed 99584K, reserved 1138688K
  class space    used 13405K, committed 13760K, reserved 1048576K
}
Event: 9.050 GC heap before
{Heap before GC invocations=31 (full 0):
 garbage-first heap   total 214016K, used 171861K [0x0000000080000000, 0x0000000100000000)
  region size 1024K, 69 young (70656K), 5 survivors (5120K)
 Metaspace       used 99245K, committed 99968K, reserved 1138688K
  class space    used 13434K, committed 13760K, reserved 1048576K
}
Event: 9.054 GC heap after
{Heap after GC invocations=32 (full 0):
 garbage-first heap   total 214016K, used 110502K [0x0000000080000000, 0x0000000100000000)
  region size 1024K, 9 young (9216K), 9 survivors (9216K)
 Metaspace       used 99245K, committed 99968K, reserved 1138688K
  class space    used 13434K, committed 13760K, reserved 1048576K
}
Event: 9.391 GC heap before
{Heap before GC invocations=33 (full 0):
 garbage-first heap   total 215040K, used 173990K [0x0000000080000000, 0x0000000100000000)
  region size 1024K, 72 young (73728K), 9 survivors (9216K)
 Metaspace       used 100754K, committed 101440K, reserved 1138688K
  class space    used 13642K, committed 13952K, reserved 1048576K
}
Event: 9.395 GC heap after
{Heap after GC invocations=34 (full 0):
 garbage-first heap   total 215040K, used 115679K [0x0000000080000000, 0x0000000100000000)
  region size 1024K, 9 young (9216K), 9 survivors (9216K)
 Metaspace       used 100754K, committed 101440K, reserved 1138688K
  class space    used 13642K, committed 13952K, reserved 1048576K
}
Event: 9.398 GC heap before
{Heap before GC invocations=34 (full 0):
 garbage-first heap   total 215040K, used 115679K [0x0000000080000000, 0x0000000100000000)
  region size 1024K, 10 young (10240K), 9 survivors (9216K)
 Metaspace       used 100761K, committed 101440K, reserved 1138688K
  class space    used 13643K, committed 13952K, reserved 1048576K
}
Event: 9.401 GC heap after
{Heap after GC invocations=35 (full 0):
 garbage-first heap   total 215040K, used 116380K [0x0000000080000000, 0x0000000100000000)
  region size 1024K, 2 young (2048K), 2 survivors (2048K)
 Metaspace       used 100761K, committed 101440K, reserved 1138688K
  class space    used 13643K, committed 13952K, reserved 1048576K
}
Event: 9.577 GC heap before
{Heap before GC invocations=35 (full 0):
 garbage-first heap   total 215040K, used 175772K [0x0000000080000000, 0x0000000100000000)
  region size 1024K, 61 young (62464K), 2 survivors (2048K)
 Metaspace       used 102448K, committed 103104K, reserved 1138688K
  class space    used 13921K, committed 14208K, reserved 1048576K
}
Event: 9.580 GC heap after
{Heap after GC invocations=36 (full 0):
 garbage-first heap   total 215040K, used 121906K [0x0000000080000000, 0x0000000100000000)
  region size 1024K, 7 young (7168K), 7 survivors (7168K)
 Metaspace       used 102448K, committed 103104K, reserved 1138688K
  class space    used 13921K, committed 14208K, reserved 1048576K
}
Event: 9.680 GC heap before
{Heap before GC invocations=37 (full 0):
 garbage-first heap   total 286720K, used 177202K [0x0000000080000000, 0x0000000100000000)
  region size 1024K, 60 young (61440K), 7 survivors (7168K)
 Metaspace       used 103377K, committed 104064K, reserved 1146880K
  class space    used 14054K, committed 14336K, reserved 1048576K
}
Event: 9.684 GC heap after
{Heap after GC invocations=38 (full 0):
 garbage-first heap   total 286720K, used 133253K [0x0000000080000000, 0x0000000100000000)
  region size 1024K, 8 young (8192K), 8 survivors (8192K)
 Metaspace       used 103377K, committed 104064K, reserved 1146880K
  class space    used 14054K, committed 14336K, reserved 1048576K
}
Event: 9.718 GC heap before
{Heap before GC invocations=38 (full 0):
 garbage-first heap   total 286720K, used 138373K [0x0000000080000000, 0x0000000100000000)
  region size 1024K, 14 young (14336K), 8 survivors (8192K)
 Metaspace       used 103776K, committed 104512K, reserved 1146880K
  class space    used 14131K, committed 14528K, reserved 1048576K
}
Event: 9.720 GC heap after
{Heap after GC invocations=39 (full 0):
 garbage-first heap   total 286720K, used 132597K [0x0000000080000000, 0x0000000100000000)
  region size 1024K, 2 young (2048K), 2 survivors (2048K)
 Metaspace       used 103776K, committed 104512K, reserved 1146880K
  class space    used 14131K, committed 14528K, reserved 1048576K
}
Event: 9.977 GC heap before
{Heap before GC invocations=39 (full 0):
 garbage-first heap   total 286720K, used 225781K [0x0000000080000000, 0x0000000100000000)
  region size 1024K, 94 young (96256K), 2 survivors (2048K)
 Metaspace       used 107738K, committed 108544K, reserved 1146880K
  class space    used 14771K, committed 15168K, reserved 1048576K
}

